mode: set
github.com/eslutz/unpackarr/internal/config/config.go:62.30,90.54 2 1
github.com/eslutz/unpackarr/internal/config/config.go:90.54,92.3 1 0
github.com/eslutz/unpackarr/internal/config/config.go:94.2,94.30 1 1
github.com/eslutz/unpackarr/internal/config/config.go:94.30,96.3 1 1
github.com/eslutz/unpackarr/internal/config/config.go:98.2,100.17 2 1
github.com/eslutz/unpackarr/internal/config/config.go:103.41,105.43 2 1
github.com/eslutz/unpackarr/internal/config/config.go:105.43,107.3 1 1
github.com/eslutz/unpackarr/internal/config/config.go:108.2,108.43 1 1
github.com/eslutz/unpackarr/internal/config/config.go:108.43,110.3 1 1
github.com/eslutz/unpackarr/internal/config/config.go:111.2,111.43 1 1
github.com/eslutz/unpackarr/internal/config/config.go:111.43,113.3 1 0
github.com/eslutz/unpackarr/internal/config/config.go:114.2,114.45 1 1
github.com/eslutz/unpackarr/internal/config/config.go:114.45,116.3 1 0
github.com/eslutz/unpackarr/internal/config/config.go:117.2,117.13 1 1
github.com/eslutz/unpackarr/internal/config/config.go:120.46,121.28 1 1
github.com/eslutz/unpackarr/internal/config/config.go:121.28,122.33 1 1
github.com/eslutz/unpackarr/internal/config/config.go:122.33,124.4 1 1
github.com/eslutz/unpackarr/internal/config/config.go:126.2,126.14 1 1
github.com/eslutz/unpackarr/internal/config/config.go:129.54,130.27 1 1
github.com/eslutz/unpackarr/internal/config/config.go:130.27,132.3 1 1
github.com/eslutz/unpackarr/internal/config/config.go:133.2,133.32 1 1
github.com/eslutz/unpackarr/internal/config/config.go:133.32,134.37 1 1
github.com/eslutz/unpackarr/internal/config/config.go:134.37,136.4 1 1
github.com/eslutz/unpackarr/internal/config/config.go:138.2,138.14 1 1
github.com/eslutz/unpackarr/pkg/version/version.go:14.22,17.2 1 1
github.com/eslutz/unpackarr/pkg/version/version.go:19.31,26.2 1 1
github.com/eslutz/unpackarr/internal/notify/webhook.go:21.53,22.19 1 1
github.com/eslutz/unpackarr/internal/notify/webhook.go:22.19,24.3 1 1
github.com/eslutz/unpackarr/internal/notify/webhook.go:26.2,31.3 1 1
github.com/eslutz/unpackarr/internal/notify/webhook.go:34.50,35.14 1 1
github.com/eslutz/unpackarr/internal/notify/webhook.go:35.14,37.3 1 1
github.com/eslutz/unpackarr/internal/notify/webhook.go:39.2,40.28 2 1
github.com/eslutz/unpackarr/internal/notify/webhook.go:40.28,42.3 1 1
github.com/eslutz/unpackarr/internal/notify/webhook.go:44.2,45.40 2 1
github.com/eslutz/unpackarr/internal/notify/webhook.go:45.40,47.3 1 0
github.com/eslutz/unpackarr/internal/notify/webhook.go:50.65,51.20 1 1
github.com/eslutz/unpackarr/internal/notify/webhook.go:51.20,53.3 1 1
github.com/eslutz/unpackarr/internal/notify/webhook.go:54.2,54.17 1 1
github.com/eslutz/unpackarr/internal/notify/webhook.go:57.51,58.36 1 1
github.com/eslutz/unpackarr/internal/notify/webhook.go:58.36,59.17 1 1
github.com/eslutz/unpackarr/internal/notify/webhook.go:59.17,61.4 1 1
github.com/eslutz/unpackarr/internal/notify/webhook.go:63.2,63.14 1 1
github.com/eslutz/unpackarr/internal/notify/webhook.go:66.77,67.27 1 1
github.com/eslutz/unpackarr/internal/notify/webhook.go:68.17,69.41 1 1
github.com/eslutz/unpackarr/internal/notify/webhook.go:70.15,71.39 1 1
github.com/eslutz/unpackarr/internal/notify/webhook.go:72.16,73.40 1 1
github.com/eslutz/unpackarr/internal/notify/webhook.go:74.10,75.38 1 1
github.com/eslutz/unpackarr/internal/notify/webhook.go:79.79,81.21 2 1
github.com/eslutz/unpackarr/internal/notify/webhook.go:81.21,83.3 1 0
github.com/eslutz/unpackarr/internal/notify/webhook.go:85.2,86.21 2 1
github.com/eslutz/unpackarr/internal/notify/webhook.go:86.21,88.3 1 0
github.com/eslutz/unpackarr/internal/notify/webhook.go:90.2,106.44 2 1
github.com/eslutz/unpackarr/internal/notify/webhook.go:106.44,111.3 1 0
github.com/eslutz/unpackarr/internal/notify/webhook.go:113.2,114.13 2 1
github.com/eslutz/unpackarr/internal/notify/webhook.go:117.77,119.21 2 1
github.com/eslutz/unpackarr/internal/notify/webhook.go:119.21,121.3 1 0
github.com/eslutz/unpackarr/internal/notify/webhook.go:123.2,124.21 2 1
github.com/eslutz/unpackarr/internal/notify/webhook.go:124.21,126.3 1 0
github.com/eslutz/unpackarr/internal/notify/webhook.go:128.2,132.44 2 1
github.com/eslutz/unpackarr/internal/notify/webhook.go:132.44,134.3 1 0
github.com/eslutz/unpackarr/internal/notify/webhook.go:136.2,147.13 3 1
github.com/eslutz/unpackarr/internal/notify/webhook.go:150.78,152.21 2 1
github.com/eslutz/unpackarr/internal/notify/webhook.go:152.21,154.3 1 0
github.com/eslutz/unpackarr/internal/notify/webhook.go:156.2,157.21 2 1
github.com/eslutz/unpackarr/internal/notify/webhook.go:157.21,159.3 1 0
github.com/eslutz/unpackarr/internal/notify/webhook.go:161.2,165.44 2 1
github.com/eslutz/unpackarr/internal/notify/webhook.go:165.44,167.3 1 0
github.com/eslutz/unpackarr/internal/notify/webhook.go:169.2,176.13 3 1
github.com/eslutz/unpackarr/internal/notify/webhook.go:179.76,192.25 2 1
github.com/eslutz/unpackarr/internal/notify/webhook.go:192.25,194.3 1 0
github.com/eslutz/unpackarr/internal/notify/webhook.go:196.2,197.13 2 1
github.com/eslutz/unpackarr/internal/notify/webhook.go:200.46,205.16 4 1
github.com/eslutz/unpackarr/internal/notify/webhook.go:205.16,207.3 1 0
github.com/eslutz/unpackarr/internal/notify/webhook.go:209.2,212.16 3 1
github.com/eslutz/unpackarr/internal/notify/webhook.go:212.16,214.3 1 1
github.com/eslutz/unpackarr/internal/notify/webhook.go:215.2,217.28 2 1
github.com/eslutz/unpackarr/internal/notify/webhook.go:217.28,219.3 1 0
github.com/eslutz/unpackarr/internal/notify/webhook.go:221.2,221.12 1 1
github.com/eslutz/unpackarr/internal/notify/webhook.go:224.32,225.14 1 0
github.com/eslutz/unpackarr/internal/notify/webhook.go:225.14,227.3 1 0
github.com/eslutz/unpackarr/internal/notify/webhook.go:229.2,241.24 3 0
github.com/eslutz/unpackarr/internal/extract/folder.go:24.99,32.2 1 1
github.com/eslutz/unpackarr/internal/extract/folder.go:34.27,35.23 1 1
github.com/eslutz/unpackarr/internal/extract/folder.go:35.23,37.3 1 1
github.com/eslutz/unpackarr/internal/extract/folder.go:39.2,39.12 1 0
github.com/eslutz/unpackarr/internal/extract/folder.go:42.26,44.2 1 1
github.com/eslutz/unpackarr/internal/extract/folder.go:46.25,52.6 4 0
github.com/eslutz/unpackarr/internal/extract/folder.go:52.6,53.10 1 0
github.com/eslutz/unpackarr/internal/extract/folder.go:54.17,56.10 2 0
github.com/eslutz/unpackarr/internal/extract/folder.go:57.19,58.12 1 0
github.com/eslutz/unpackarr/internal/extract/folder.go:63.26,64.38 1 0
github.com/eslutz/unpackarr/internal/extract/folder.go:64.38,66.3 1 0
github.com/eslutz/unpackarr/internal/extract/folder.go:68.2,68.18 1 0
github.com/eslutz/unpackarr/internal/extract/folder.go:71.45,73.16 2 1
github.com/eslutz/unpackarr/internal/extract/folder.go:73.16,76.3 2 0
github.com/eslutz/unpackarr/internal/extract/folder.go:78.2,78.32 1 1
github.com/eslutz/unpackarr/internal/extract/folder.go:78.32,79.21 1 1
github.com/eslutz/unpackarr/internal/extract/folder.go:79.21,80.12 1 0
github.com/eslutz/unpackarr/internal/extract/folder.go:83.3,85.56 2 1
github.com/eslutz/unpackarr/internal/extract/folder.go:85.56,87.4 1 0
github.com/eslutz/unpackarr/internal/extract/folder.go:91.49,94.2 2 1
github.com/eslutz/unpackarr/internal/extract/folder.go:96.47,101.2 4 1
github.com/eslutz/unpackarr/internal/extract/folder.go:103.54,116.16 5 0
github.com/eslutz/unpackarr/internal/extract/folder.go:116.16,121.3 4 0
github.com/eslutz/unpackarr/internal/extract/folder.go:121.8,123.3 1 0
github.com/eslutz/unpackarr/internal/extract/folder.go:126.34,131.39 4 1
github.com/eslutz/unpackarr/internal/extract/folder.go:131.39,132.29 1 1
github.com/eslutz/unpackarr/internal/extract/folder.go:132.29,134.4 1 1
github.com/eslutz/unpackarr/internal/extract/folder.go:138.36,142.2 3 1
github.com/eslutz/unpackarr/internal/extract/folder.go:144.38,152.2 2 1
github.com/eslutz/unpackarr/internal/extract/queue.go:46.73,59.2 3 1
github.com/eslutz/unpackarr/internal/extract/queue.go:61.48,75.44 3 0
github.com/eslutz/unpackarr/internal/extract/queue.go:75.44,77.4 1 0
github.com/eslutz/unpackarr/internal/extract/queue.go:80.2,80.16 1 0
github.com/eslutz/unpackarr/internal/extract/queue.go:80.16,82.3 1 0
github.com/eslutz/unpackarr/internal/extract/queue.go:84.2,88.23 4 0
github.com/eslutz/unpackarr/internal/extract/queue.go:91.31,95.2 3 1
github.com/eslutz/unpackarr/internal/extract/queue.go:97.24,98.22 1 1
github.com/eslutz/unpackarr/internal/extract/queue.go:98.22,100.3 1 1
github.com/eslutz/unpackarr/internal/extract/queue.go:103.71,104.16 1 0
github.com/eslutz/unpackarr/internal/extract/queue.go:104.16,110.3 5 0
github.com/eslutz/unpackarr/internal/extract/queue.go:112.2,128.23 5 0
github.com/eslutz/unpackarr/internal/extract/queue.go:128.23,130.3 1 0
github.com/eslutz/unpackarr/internal/extract/queue.go:133.57,135.2 1 1
github.com/eslutz/unpackarr/internal/extract/queue.go:137.57,139.2 1 1
github.com/eslutz/unpackarr/internal/starr/client.go:36.110,44.2 1 1
github.com/eslutz/unpackarr/internal/starr/client.go:46.69,48.2 1 1
github.com/eslutz/unpackarr/internal/starr/client.go:50.25,52.2 1 1
github.com/eslutz/unpackarr/internal/starr/client.go:54.67,60.6 4 1
github.com/eslutz/unpackarr/internal/starr/client.go:60.6,61.10 1 1
github.com/eslutz/unpackarr/internal/starr/client.go:62.17,64.10 2 1
github.com/eslutz/unpackarr/internal/starr/client.go:65.19,74.18 7 1
github.com/eslutz/unpackarr/internal/starr/client.go:74.18,76.5 1 0
github.com/eslutz/unpackarr/internal/starr/client.go:81.41,86.2 1 1
github.com/eslutz/unpackarr/internal/starr/client.go:88.54,89.34 1 1
github.com/eslutz/unpackarr/internal/starr/client.go:89.34,91.3 1 1
github.com/eslutz/unpackarr/internal/starr/client.go:92.2,92.42 1 1
github.com/eslutz/unpackarr/internal/starr/client.go:92.42,94.3 1 1
github.com/eslutz/unpackarr/internal/starr/client.go:95.2,95.13 1 1
github.com/eslutz/unpackarr/internal/starr/client.go:98.54,107.2 2 0
github.com/eslutz/unpackarr/internal/starr/client.go:109.41,113.2 3 1
github.com/eslutz/unpackarr/internal/starr/client.go:115.59,119.2 3 1
github.com/eslutz/unpackarr/internal/starr/client.go:121.32,123.2 1 1
github.com/eslutz/unpackarr/internal/starr/client.go:125.58,127.2 1 1
github.com/eslutz/unpackarr/internal/starr/lidarr.go:17.103,25.2 4 0
github.com/eslutz/unpackarr/internal/starr/lidarr.go:27.67,29.16 2 0
github.com/eslutz/unpackarr/internal/starr/lidarr.go:29.16,31.3 1 0
github.com/eslutz/unpackarr/internal/starr/lidarr.go:33.2,35.39 2 0
github.com/eslutz/unpackarr/internal/starr/lidarr.go:35.39,46.29 2 0
github.com/eslutz/unpackarr/internal/starr/lidarr.go:46.29,47.12 1 0
github.com/eslutz/unpackarr/internal/starr/lidarr.go:50.3,50.35 1 0
github.com/eslutz/unpackarr/internal/starr/lidarr.go:50.35,51.47 1 0
github.com/eslutz/unpackarr/internal/starr/lidarr.go:51.47,53.5 1 0
github.com/eslutz/unpackarr/internal/starr/lidarr.go:53.10,55.5 1 0
github.com/eslutz/unpackarr/internal/starr/lidarr.go:59.2,59.12 1 0
github.com/eslutz/unpackarr/internal/starr/radarr.go:17.103,25.2 4 0
github.com/eslutz/unpackarr/internal/starr/radarr.go:27.67,29.16 2 0
github.com/eslutz/unpackarr/internal/starr/radarr.go:29.16,31.3 1 0
github.com/eslutz/unpackarr/internal/starr/radarr.go:33.2,35.39 2 0
github.com/eslutz/unpackarr/internal/starr/radarr.go:35.39,46.29 2 0
github.com/eslutz/unpackarr/internal/starr/radarr.go:46.29,47.12 1 0
github.com/eslutz/unpackarr/internal/starr/radarr.go:50.3,50.85 1 0
github.com/eslutz/unpackarr/internal/starr/radarr.go:50.85,51.47 1 0
github.com/eslutz/unpackarr/internal/starr/radarr.go:51.47,53.5 1 0
github.com/eslutz/unpackarr/internal/starr/radarr.go:53.10,55.5 1 0
github.com/eslutz/unpackarr/internal/starr/radarr.go:59.2,59.12 1 0
github.com/eslutz/unpackarr/internal/starr/readarr.go:17.105,25.2 4 0
github.com/eslutz/unpackarr/internal/starr/readarr.go:27.68,29.16 2 0
github.com/eslutz/unpackarr/internal/starr/readarr.go:29.16,31.3 1 0
github.com/eslutz/unpackarr/internal/starr/readarr.go:33.2,35.39 2 0
github.com/eslutz/unpackarr/internal/starr/readarr.go:35.39,46.29 2 0
github.com/eslutz/unpackarr/internal/starr/readarr.go:46.29,47.12 1 0
github.com/eslutz/unpackarr/internal/starr/readarr.go:50.3,50.35 1 0
github.com/eslutz/unpackarr/internal/starr/readarr.go:50.35,51.47 1 0
github.com/eslutz/unpackarr/internal/starr/readarr.go:51.47,53.5 1 0
github.com/eslutz/unpackarr/internal/starr/readarr.go:53.10,55.5 1 0
github.com/eslutz/unpackarr/internal/starr/readarr.go:59.2,59.12 1 0
github.com/eslutz/unpackarr/internal/starr/sonarr.go:17.103,25.2 4 0
github.com/eslutz/unpackarr/internal/starr/sonarr.go:27.67,29.16 2 0
github.com/eslutz/unpackarr/internal/starr/sonarr.go:29.16,31.3 1 0
github.com/eslutz/unpackarr/internal/starr/sonarr.go:33.2,35.39 2 0
github.com/eslutz/unpackarr/internal/starr/sonarr.go:35.39,46.29 2 0
github.com/eslutz/unpackarr/internal/starr/sonarr.go:46.29,47.12 1 0
github.com/eslutz/unpackarr/internal/starr/sonarr.go:50.3,50.85 1 0
github.com/eslutz/unpackarr/internal/starr/sonarr.go:50.85,51.47 1 0
github.com/eslutz/unpackarr/internal/starr/sonarr.go:51.47,53.5 1 0
github.com/eslutz/unpackarr/internal/starr/sonarr.go:53.10,55.5 1 0
github.com/eslutz/unpackarr/internal/starr/sonarr.go:59.2,59.12 1 0
github.com/eslutz/unpackarr/internal/health/handlers.go:23.104,31.2 1 1
github.com/eslutz/unpackarr/internal/health/handlers.go:33.68,35.2 1 1
github.com/eslutz/unpackarr/internal/health/handlers.go:37.40,48.2 9 0
github.com/eslutz/unpackarr/internal/health/handlers.go:50.69,53.2 2 1
github.com/eslutz/unpackarr/internal/health/handlers.go:55.71,58.2 2 1
github.com/eslutz/unpackarr/internal/health/handlers.go:60.70,64.20 3 1
github.com/eslutz/unpackarr/internal/health/handlers.go:64.20,67.3 2 0
github.com/eslutz/unpackarr/internal/health/handlers.go:69.2,69.38 1 1
github.com/eslutz/unpackarr/internal/health/handlers.go:69.38,71.17 2 1
github.com/eslutz/unpackarr/internal/health/handlers.go:71.17,74.4 2 1
github.com/eslutz/unpackarr/internal/health/handlers.go:77.2,78.12 2 1
github.com/eslutz/unpackarr/internal/health/handlers.go:78.12,85.3 3 1
github.com/eslutz/unpackarr/internal/health/handlers.go:87.2,87.59 1 1
github.com/eslutz/unpackarr/internal/health/handlers.go:90.71,94.38 3 1
github.com/eslutz/unpackarr/internal/health/handlers.go:94.38,100.3 2 1
github.com/eslutz/unpackarr/internal/health/handlers.go:102.2,116.35 3 1
github.com/eslutz/unpackarr/internal/health/handlers.go:119.72,129.38 7 1
github.com/eslutz/unpackarr/internal/health/handlers.go:129.38,132.16 3 0
github.com/eslutz/unpackarr/internal/health/handlers.go:132.16,134.4 1 0
github.com/eslutz/unpackarr/internal/health/handlers.go:136.3,142.82 6 0
github.com/eslutz/unpackarr/internal/health/handlers.go:145.2,147.73 3 1
github.com/eslutz/unpackarr/internal/health/metrics.go:19.28,27.2 1 1
github.com/eslutz/unpackarr/internal/health/metrics.go:29.60,35.21 5 1
github.com/eslutz/unpackarr/internal/health/metrics.go:35.21,37.3 1 1
github.com/eslutz/unpackarr/internal/health/metrics.go:39.2,39.39 1 1
github.com/eslutz/unpackarr/internal/health/metrics.go:39.39,41.3 1 1
github.com/eslutz/unpackarr/internal/health/metrics.go:42.2,44.20 2 1
github.com/eslutz/unpackarr/internal/health/metrics.go:44.20,49.3 4 1
github.com/eslutz/unpackarr/internal/health/metrics.go:52.45,60.51 6 1
github.com/eslutz/unpackarr/internal/health/metrics.go:60.51,61.39 1 1
github.com/eslutz/unpackarr/internal/health/metrics.go:61.39,63.4 1 1
github.com/eslutz/unpackarr/internal/health/metrics.go:66.2,68.54 3 1
github.com/eslutz/unpackarr/internal/health/metrics.go:68.54,70.3 1 1
github.com/eslutz/unpackarr/internal/health/metrics.go:72.2,74.46 3 1
github.com/eslutz/unpackarr/internal/health/metrics.go:74.46,76.3 1 1
github.com/eslutz/unpackarr/internal/health/metrics.go:78.2,80.46 3 1
github.com/eslutz/unpackarr/internal/health/metrics.go:80.46,82.3 1 1
github.com/eslutz/unpackarr/internal/health/metrics.go:84.2,86.52 3 1
github.com/eslutz/unpackarr/internal/health/metrics.go:86.52,88.3 1 1
github.com/eslutz/unpackarr/internal/health/metrics.go:90.2,90.12 1 1
